This file contains any messages produced by compilers while
running configure, to aid debugging if configure makes a mistake.

It was created by dbt3 configure 1.9, which was
generated by GNU Autoconf 2.59.  Invocation command line was

  $ ./configure 

## --------- ##
## Platform. ##
## --------- ##

hostname = ip-10-0-10-86
uname -m = x86_64
uname -r = 5.8.0-1041-aws
uname -s = Linux
uname -v = #43~20.04.1-Ubuntu SMP Thu Jul 15 11:07:29 UTC 2021

/usr/bin/uname -p = x86_64
/bin/uname -X     = unknown

/bin/arch              = x86_64
/usr/bin/arch -k       = unknown
/usr/convex/getsysinfo = unknown
hostinfo               = unknown
/bin/machine           = unknown
/usr/bin/oslevel       = unknown
/bin/universe          = unknown

PATH: /usr/local/sbin
PATH: /usr/local/bin
PATH: /usr/sbin
PATH: /usr/bin
PATH: /sbin
PATH: /bin
PATH: /snap/bin
PATH: /usr/lib/postgresql/12/bin/


## ----------- ##
## Core tests. ##
## ----------- ##

configure:1356: checking for a BSD-compatible install
configure:1411: result: /usr/bin/install -c
configure:1422: checking whether build environment is sane
configure:1465: result: yes
configure:1522: checking for gawk
configure:1538: found /usr/bin/gawk
configure:1548: result: gawk
configure:1558: checking whether make sets $(MAKE)
configure:1578: result: yes
configure:1747: checking for gawk
configure:1773: result: gawk
configure:1829: checking for gcc
configure:1845: found /usr/bin/gcc
configure:1855: result: gcc
configure:2099: checking for C compiler version
configure:2102: gcc --version </dev/null >&5
gcc (Ubuntu 9.3.0-17ubuntu1~20.04) 9.3.0
Copyright (C) 2019 Free Software Foundation, Inc.
This is free software; see the source for copying conditions.  There is NO
warranty; not even for MERCHANTABILITY or FITNESS FOR A PARTICULAR PURPOSE.

configure:2105: $? = 0
configure:2107: gcc -v </dev/null >&5
Using built-in specs.
COLLECT_GCC=gcc
COLLECT_LTO_WRAPPER=/usr/lib/gcc/x86_64-linux-gnu/9/lto-wrapper
OFFLOAD_TARGET_NAMES=nvptx-none:hsa
OFFLOAD_TARGET_DEFAULT=1
Target: x86_64-linux-gnu
Configured with: ../src/configure -v --with-pkgversion='Ubuntu 9.3.0-17ubuntu1~20.04' --with-bugurl=file:///usr/share/doc/gcc-9/README.Bugs --enable-languages=c,ada,c++,go,brig,d,fortran,objc,obj-c++,gm2 --prefix=/usr --with-gcc-major-version-only --program-suffix=-9 --program-prefix=x86_64-linux-gnu- --enable-shared --enable-linker-build-id --libexecdir=/usr/lib --without-included-gettext --enable-threads=posix --libdir=/usr/lib --enable-nls --enable-clocale=gnu --enable-libstdcxx-debug --enable-libstdcxx-time=yes --with-default-libstdcxx-abi=new --enable-gnu-unique-object --disable-vtable-verify --enable-plugin --enable-default-pie --with-system-zlib --with-target-system-zlib=auto --enable-objc-gc=auto --enable-multiarch --disable-werror --with-arch-32=i686 --with-abi=m64 --with-multilib-list=m32,m64,mx32 --enable-multilib --with-tune=generic --enable-offload-targets=nvptx-none=/build/gcc-9-HskZEa/gcc-9-9.3.0/debian/tmp-nvptx/usr,hsa --without-cuda-driver --enable-checking=release --build=x86_64-linux-gnu --host=x86_64-linux-gnu --target=x86_64-linux-gnu
Thread model: posix
gcc version 9.3.0 (Ubuntu 9.3.0-17ubuntu1~20.04) 
configure:2110: $? = 0
configure:2112: gcc -V </dev/null >&5
gcc: error: unrecognized command line option '-V'
gcc: fatal error: no input files
compilation terminated.
configure:2115: $? = 1
configure:2138: checking for C compiler default output file name
configure:2141: gcc    conftest.c  >&5
configure:2144: $? = 0
configure:2190: result: a.out
configure:2195: checking whether the C compiler works
configure:2201: ./a.out
configure:2204: $? = 0
configure:2221: result: yes
configure:2228: checking whether we are cross compiling
configure:2230: result: no
configure:2233: checking for suffix of executables
configure:2235: gcc -o conftest    conftest.c  >&5
configure:2238: $? = 0
configure:2263: result: 
configure:2269: checking for suffix of object files
configure:2290: gcc -c   conftest.c >&5
configure:2293: $? = 0
configure:2315: result: o
configure:2319: checking whether we are using the GNU C compiler
configure:2343: gcc -c   conftest.c >&5
configure:2349: $? = 0
configure:2353: test -z 
			 || test ! -s conftest.err
configure:2356: $? = 0
configure:2359: test -s conftest.o
configure:2362: $? = 0
configure:2375: result: yes
configure:2381: checking whether gcc accepts -g
configure:2402: gcc -c -g  conftest.c >&5
configure:2408: $? = 0
configure:2412: test -z 
			 || test ! -s conftest.err
configure:2415: $? = 0
configure:2418: test -s conftest.o
configure:2421: $? = 0
configure:2432: result: yes
configure:2449: checking for gcc option to accept ANSI C
configure:2519: gcc  -c -g -O2  conftest.c >&5
configure:2525: $? = 0
configure:2529: test -z 
			 || test ! -s conftest.err
configure:2532: $? = 0
configure:2535: test -s conftest.o
configure:2538: $? = 0
configure:2556: result: none needed
configure:2574: gcc -c -g -O2  conftest.c >&5
conftest.c:2:3: error: unknown type name 'choke'
    2 |   choke me
      |   ^~~~~
conftest.c:2:3: error: expected '=', ',', ';', 'asm' or '__attribute__' at end of input
configure:2580: $? = 1
configure: failed program was:
| #ifndef __cplusplus
|   choke me
| #endif
configure:2724: checking for style of include used by make
configure:2752: result: GNU
configure:2780: checking dependency style of gcc
configure:2870: result: none
configure:2894: checking how to run the C preprocessor
configure:2929: gcc -E  conftest.c
configure:2935: $? = 0
configure:2967: gcc -E  conftest.c
conftest.c:11:10: fatal error: ac_nonexistent.h: No such file or directory
   11 | #include <ac_nonexistent.h>
      |          ^~~~~~~~~~~~~~~~~~
compilation terminated.
configure:2973: $? = 1
configure: failed program was:
| /* confdefs.h.  */
| 
| #define PACKAGE_NAME "dbt3"
| #define PACKAGE_TARNAME "dbt3"
| #define PACKAGE_VERSION "1.9"
| #define PACKAGE_STRING "dbt3 1.9"
| #define PACKAGE_BUGREPORT "osdldbt-general@lists.sourceforge.net"
| #define PACKAGE "dbt3"
| #define VERSION "1.9"
| /* end confdefs.h.  */
| #include <ac_nonexistent.h>
configure:3012: result: gcc -E
configure:3036: gcc -E  conftest.c
configure:3042: $? = 0
configure:3074: gcc -E  conftest.c
conftest.c:11:10: fatal error: ac_nonexistent.h: No such file or directory
   11 | #include <ac_nonexistent.h>
      |          ^~~~~~~~~~~~~~~~~~
compilation terminated.
configure:3080: $? = 1
configure: failed program was:
| /* confdefs.h.  */
| 
| #define PACKAGE_NAME "dbt3"
| #define PACKAGE_TARNAME "dbt3"
| #define PACKAGE_VERSION "1.9"
| #define PACKAGE_STRING "dbt3 1.9"
| #define PACKAGE_BUGREPORT "osdldbt-general@lists.sourceforge.net"
| #define PACKAGE "dbt3"
| #define VERSION "1.9"
| /* end confdefs.h.  */
| #include <ac_nonexistent.h>
configure:3124: checking for egrep
configure:3134: result: grep -E
configure:3139: checking for ANSI C header files
configure:3164: gcc -c -g -O2  conftest.c >&5
configure:3170: $? = 0
configure:3174: test -z 
			 || test ! -s conftest.err
configure:3177: $? = 0
configure:3180: test -s conftest.o
configure:3183: $? = 0
configure:3272: gcc -o conftest -g -O2   conftest.c  >&5
conftest.c: In function 'main':
conftest.c:28:7: warning: implicit declaration of function 'exit' [-Wimplicit-function-declaration]
   28 |       exit(2);
      |       ^~~~
conftest.c:28:7: warning: incompatible implicit declaration of built-in function 'exit'
conftest.c:12:1: note: include '<stdlib.h>' or provide a declaration of 'exit'
   11 | #include <ctype.h>
  +++ |+#include <stdlib.h>
   12 | #if ((' ' & 0x0FF) == 0x020)
conftest.c:29:3: warning: incompatible implicit declaration of built-in function 'exit'
   29 |   exit (0);
      |   ^~~~
conftest.c:29:3: note: include '<stdlib.h>' or provide a declaration of 'exit'
configure:3275: $? = 0
configure:3277: ./conftest
configure:3280: $? = 0
configure:3295: result: yes
configure:3305: checking for sys/wait.h that is POSIX.1 compatible
configure:3336: gcc -c -g -O2  conftest.c >&5
configure:3342: $? = 0
configure:3346: test -z 
			 || test ! -s conftest.err
configure:3349: $? = 0
configure:3352: test -s conftest.o
configure:3355: $? = 0
configure:3366: result: yes
configure:3390: checking for sys/types.h
configure:3406: gcc -c -g -O2  conftest.c >&5
configure:3412: $? = 0
configure:3416: test -z 
			 || test ! -s conftest.err
configure:3419: $? = 0
configure:3422: test -s conftest.o
configure:3425: $? = 0
configure:3436: result: yes
configure:3390: checking for sys/stat.h
configure:3406: gcc -c -g -O2  conftest.c >&5
configure:3412: $? = 0
configure:3416: test -z 
			 || test ! -s conftest.err
configure:3419: $? = 0
configure:3422: test -s conftest.o
configure:3425: $? = 0
configure:3436: result: yes
configure:3390: checking for stdlib.h
configure:3406: gcc -c -g -O2  conftest.c >&5
configure:3412: $? = 0
configure:3416: test -z 
			 || test ! -s conftest.err
configure:3419: $? = 0
configure:3422: test -s conftest.o
configure:3425: $? = 0
configure:3436: result: yes
configure:3390: checking for string.h
configure:3406: gcc -c -g -O2  conftest.c >&5
configure:3412: $? = 0
configure:3416: test -z 
			 || test ! -s conftest.err
configure:3419: $? = 0
configure:3422: test -s conftest.o
configure:3425: $? = 0
configure:3436: result: yes
configure:3390: checking for memory.h
configure:3406: gcc -c -g -O2  conftest.c >&5
configure:3412: $? = 0
configure:3416: test -z 
			 || test ! -s conftest.err
configure:3419: $? = 0
configure:3422: test -s conftest.o
configure:3425: $? = 0
configure:3436: result: yes
configure:3390: checking for strings.h
configure:3406: gcc -c -g -O2  conftest.c >&5
configure:3412: $? = 0
configure:3416: test -z 
			 || test ! -s conftest.err
configure:3419: $? = 0
configure:3422: test -s conftest.o
configure:3425: $? = 0
configure:3436: result: yes
configure:3390: checking for inttypes.h
configure:3406: gcc -c -g -O2  conftest.c >&5
configure:3412: $? = 0
configure:3416: test -z 
			 || test ! -s conftest.err
configure:3419: $? = 0
configure:3422: test -s conftest.o
configure:3425: $? = 0
configure:3436: result: yes
configure:3390: checking for stdint.h
configure:3406: gcc -c -g -O2  conftest.c >&5
configure:3412: $? = 0
configure:3416: test -z 
			 || test ! -s conftest.err
configure:3419: $? = 0
configure:3422: test -s conftest.o
configure:3425: $? = 0
configure:3436: result: yes
configure:3390: checking for unistd.h
configure:3406: gcc -c -g -O2  conftest.c >&5
configure:3412: $? = 0
configure:3416: test -z 
			 || test ! -s conftest.err
configure:3419: $? = 0
configure:3422: test -s conftest.o
configure:3425: $? = 0
configure:3436: result: yes
configure:3454: checking for strings.h
configure:3459: result: yes
configure:3463: checking sys/time.h usability
configure:3475: gcc -c -g -O2  conftest.c >&5
configure:3481: $? = 0
configure:3485: test -z 
			 || test ! -s conftest.err
configure:3488: $? = 0
configure:3491: test -s conftest.o
configure:3494: $? = 0
configure:3504: result: yes
configure:3508: checking sys/time.h presence
configure:3518: gcc -E  conftest.c
configure:3524: $? = 0
configure:3544: result: yes
configure:3579: checking for sys/time.h
configure:3586: result: yes
configure:3600: checking for an ANSI C-conforming const
configure:3667: gcc -c -g -O2  conftest.c >&5
configure:3673: $? = 0
configure:3677: test -z 
			 || test ! -s conftest.err
configure:3680: $? = 0
configure:3683: test -s conftest.o
configure:3686: $? = 0
configure:3697: result: yes
configure:3707: checking for size_t
configure:3731: gcc -c -g -O2  conftest.c >&5
configure:3737: $? = 0
configure:3741: test -z 
			 || test ! -s conftest.err
configure:3744: $? = 0
configure:3747: test -s conftest.o
configure:3750: $? = 0
configure:3761: result: yes
configure:3773: checking whether time.h and sys/time.h may both be included
configure:3798: gcc -c -g -O2  conftest.c >&5
configure:3804: $? = 0
configure:3808: test -z 
			 || test ! -s conftest.err
configure:3811: $? = 0
configure:3814: test -s conftest.o
configure:3817: $? = 0
configure:3828: result: yes
configure:3838: checking whether struct tm is in sys/time.h or time.h
configure:3861: gcc -c -g -O2  conftest.c >&5
configure:3867: $? = 0
configure:3871: test -z 
			 || test ! -s conftest.err
configure:3874: $? = 0
configure:3877: test -s conftest.o
configure:3880: $? = 0
configure:3891: result: time.h
configure:3909: checking for special C compiler options needed for large files
configure:4008: result: no
configure:4014: checking for _FILE_OFFSET_BITS value needed for large files
configure:4045: gcc -c -g -O2  conftest.c >&5
configure:4051: $? = 0
configure:4055: test -z 
			 || test ! -s conftest.err
configure:4058: $? = 0
configure:4061: test -s conftest.o
configure:4064: $? = 0
configure:4129: result: no
configure:4139: checking for _LARGE_FILES value needed for large files
configure:4170: gcc -c -g -O2  conftest.c >&5
configure:4176: $? = 0
configure:4180: test -z 
			 || test ! -s conftest.err
configure:4183: $? = 0
configure:4186: test -s conftest.o
configure:4189: $? = 0
configure:4254: result: no
configure:4269: checking for main in -lm
configure:4293: gcc -o conftest -Wall -g -O2   conftest.c -lm   >&5
configure:4299: $? = 0
configure:4303: test -z 
			 || test ! -s conftest.err
configure:4306: $? = 0
configure:4309: test -s conftest
configure:4312: $? = 0
configure:4325: result: yes
configure:4362: checking for sar
configure:4381: found /usr/bin/sar
configure:4393: result: /usr/bin/sar
configure:4413: checking for iostat
configure:4432: found /usr/bin/iostat
configure:4444: result: /usr/bin/iostat
configure:4464: checking for vmstat
configure:4483: found /usr/bin/vmstat
configure:4495: result: /usr/bin/vmstat
configure:4521: checking for createdb
configure:4541: found /usr/bin/createdb
configure:4553: result: /usr/bin/createdb
configure:4573: checking for dropdb
configure:4593: found /usr/bin/dropdb
configure:4605: result: /usr/bin/dropdb
configure:4625: checking for psql
configure:4645: found /usr/bin/psql
configure:4657: result: /usr/bin/psql
configure:4677: checking for vacuumdb
configure:4697: found /usr/bin/vacuumdb
configure:4709: result: /usr/bin/vacuumdb
configure:4729: checking for pg_ctl
configure:4749: found /usr/lib/postgresql/12/bin//pg_ctl
configure:4761: result: /usr/lib/postgresql/12/bin//pg_ctl
configure:4781: checking for initdb
configure:4801: found /usr/lib/postgresql/12/bin//initdb
configure:4813: result: /usr/lib/postgresql/12/bin//initdb
configure:5104: creating ./config.status

## ---------------------- ##
## Running config.status. ##
## ---------------------- ##

This file was extended by dbt3 config.status 1.9, which was
generated by GNU Autoconf 2.59.  Invocation command line was

  CONFIG_FILES    = 
  CONFIG_HEADERS  = 
  CONFIG_LINKS    = 
  CONFIG_COMMANDS = 
  $ ./config.status 

on ip-10-0-10-86

config.status:739: creating scripts/pgsql/get_query_plan.sh
config.status:739: creating scripts/pgsql/get_version.sh
config.status:739: creating scripts/pgsql/run_power_query.sh
config.status:739: creating scripts/pgsql/run_rf1.sh
config.status:739: creating scripts/pgsql/run_rf2.sh
config.status:739: creating scripts/pgsql/run_throughput_stream.sh
config.status:739: creating scripts/pgsql/create_db.sh
config.status:739: creating scripts/pgsql/create_indexes.sh
config.status:739: creating scripts/pgsql/create_tables.sh
config.status:739: creating scripts/pgsql/db_stats.sh
config.status:739: creating scripts/pgsql/drop_db.sh
config.status:739: creating scripts/pgsql/drop_tables.sh
config.status:739: creating scripts/pgsql/grant.sh
config.status:739: creating scripts/pgsql/load_db.sh
config.status:739: creating scripts/pgsql/pgsql_profile
config.status:739: creating scripts/pgsql/q_time.sh
config.status:739: creating scripts/pgsql/start_db.sh
config.status:739: creating scripts/pgsql/stop_db.sh
config.status:739: creating scripts/pgsql/update_statistics.sh
config.status:739: creating scripts/pgsql/load_test.sh
config.status:739: creating scripts/pgsql/power_test.sh
config.status:739: creating scripts/pgsql/throughput_test.sh
config.status:739: creating scripts/pgsql/throughput_stream_wrapper.sh
config.status:739: creating scripts/pgsql/record_end.sh
config.status:739: creating scripts/pgsql/record_start.sh
config.status:739: creating Makefile
config.status:739: creating scripts/dbt3_profile
config.status:739: creating scripts/get_composite.sh
config.status:739: creating scripts/get_config.sh
config.status:739: creating scripts/gen_data.sh
config.status:739: creating scripts/gen_html.sh
config.status:739: creating scripts/run_workload.sh
config.status:739: creating scripts/start_sysstats.sh
config.status:739: creating scripts/stop_sysstats.sh
config.status:739: creating src/Makefile
config.status:985: executing depfiles commands

## ---------------- ##
## Cache variables. ##
## ---------------- ##

ac_cv_c_compiler_gnu=yes
ac_cv_c_const=yes
ac_cv_env_CC_set=
ac_cv_env_CC_value=
ac_cv_env_CFLAGS_set=
ac_cv_env_CFLAGS_value=
ac_cv_env_CPPFLAGS_set=
ac_cv_env_CPPFLAGS_value=
ac_cv_env_CPP_set=
ac_cv_env_CPP_value=
ac_cv_env_LDFLAGS_set=
ac_cv_env_LDFLAGS_value=
ac_cv_env_build_alias_set=
ac_cv_env_build_alias_value=
ac_cv_env_host_alias_set=
ac_cv_env_host_alias_value=
ac_cv_env_target_alias_set=
ac_cv_env_target_alias_value=
ac_cv_exeext=
ac_cv_header_inttypes_h=yes
ac_cv_header_memory_h=yes
ac_cv_header_stdc=yes
ac_cv_header_stdint_h=yes
ac_cv_header_stdlib_h=yes
ac_cv_header_string_h=yes
ac_cv_header_strings_h=yes
ac_cv_header_sys_stat_h=yes
ac_cv_header_sys_time_h=yes
ac_cv_header_sys_types_h=yes
ac_cv_header_sys_wait_h=yes
ac_cv_header_time=yes
ac_cv_header_unistd_h=yes
ac_cv_lib_m_main=yes
ac_cv_objext=o
ac_cv_path_CREATEDB=/usr/bin/createdb
ac_cv_path_DROPDB=/usr/bin/dropdb
ac_cv_path_INITDB=/usr/lib/postgresql/12/bin//initdb
ac_cv_path_IOSTAT=/usr/bin/iostat
ac_cv_path_PG_CTL=/usr/lib/postgresql/12/bin//pg_ctl
ac_cv_path_PSQL=/usr/bin/psql
ac_cv_path_SAR=/usr/bin/sar
ac_cv_path_VACUUMDB=/usr/bin/vacuumdb
ac_cv_path_VMSTAT=/usr/bin/vmstat
ac_cv_path_install='/usr/bin/install -c'
ac_cv_prog_AWK=gawk
ac_cv_prog_CPP='gcc -E'
ac_cv_prog_ac_ct_CC=gcc
ac_cv_prog_cc_g=yes
ac_cv_prog_cc_stdc=
ac_cv_prog_egrep='grep -E'
ac_cv_prog_make_make_set=yes
ac_cv_struct_tm=time.h
ac_cv_sys_file_offset_bits=no
ac_cv_sys_large_files=no
ac_cv_sys_largefile_CC=no
ac_cv_type_size_t=yes
am_cv_CC_dependencies_compiler_type=none

## ----------------- ##
## Output variables. ##
## ----------------- ##

ACLOCAL='${SHELL} /home/justin/warp/storage/warp/benchmark/dbt3-1.9/missing --run aclocal-1.8'
AMDEPBACKSLASH='\'
AMDEP_FALSE='#'
AMDEP_TRUE=''
AMTAR='${SHELL} /home/justin/warp/storage/warp/benchmark/dbt3-1.9/missing --run tar'
AUTOCONF='${SHELL} /home/justin/warp/storage/warp/benchmark/dbt3-1.9/missing --run autoconf'
AUTOHEADER='${SHELL} /home/justin/warp/storage/warp/benchmark/dbt3-1.9/missing --run autoheader'
AUTOMAKE='${SHELL} /home/justin/warp/storage/warp/benchmark/dbt3-1.9/missing --run automake-1.8'
AWK='gawk'
CC='gcc'
CCDEPMODE='depmode=none'
CFLAGS='-Wall -g -O2'
CPP='gcc -E'
CPPFLAGS=''
CREATEDB='/usr/bin/createdb'
CYGPATH_W='echo'
DATABASE_TO_USE='pgsql'
DEFS='-DPACKAGE_NAME=\"dbt3\" -DPACKAGE_TARNAME=\"dbt3\" -DPACKAGE_VERSION=\"1.9\" -DPACKAGE_STRING=\"dbt3\ 1.9\" -DPACKAGE_BUGREPORT=\"osdldbt-general@lists.sourceforge.net\" -DPACKAGE=\"dbt3\" -DVERSION=\"1.9\" -DSTDC_HEADERS=1 -DHAVE_SYS_WAIT_H=1 -DHAVE_SYS_TYPES_H=1 -DHAVE_SYS_STAT_H=1 -DHAVE_STDLIB_H=1 -DHAVE_STRING_H=1 -DHAVE_MEMORY_H=1 -DHAVE_STRINGS_H=1 -DHAVE_INTTYPES_H=1 -DHAVE_STDINT_H=1 -DHAVE_UNISTD_H=1 -DHAVE_STRINGS_H=1 -DHAVE_SYS_TIME_H=1 -DTIME_WITH_SYS_TIME=1 -DHAVE_LIBM=1 -DPGSQL=1 '
DEPDIR='.deps'
DROPDB='/usr/bin/dropdb'
ECHO_C=''
ECHO_N='-n'
ECHO_T=''
EGREP='grep -E'
EXEEXT=''
INITDB='/usr/lib/postgresql/12/bin//initdb'
INSTALL_DATA='${INSTALL} -m 644'
INSTALL_PROGRAM='${INSTALL}'
INSTALL_SCRIPT='${INSTALL}'
INSTALL_STRIP_PROGRAM='${SHELL} $(install_sh) -c -s'
IOSTAT='/usr/bin/iostat'
LDFLAGS=''
LIBOBJS=''
LIBS='-lm '
LTLIBOBJS=''
MAKEINFO='${SHELL} /home/justin/warp/storage/warp/benchmark/dbt3-1.9/missing --run makeinfo'
OBJEXT='o'
PACKAGE='dbt3'
PACKAGE_BUGREPORT='osdldbt-general@lists.sourceforge.net'
PACKAGE_NAME='dbt3'
PACKAGE_STRING='dbt3 1.9'
PACKAGE_TARNAME='dbt3'
PACKAGE_VERSION='1.9'
PATH_SEPARATOR=':'
PG_CTL='/usr/lib/postgresql/12/bin//pg_ctl'
PSQL='/usr/bin/psql'
SAR='/usr/bin/sar'
SEPARATOR_FOR_DB='|'
SET_MAKE=''
SHELL='/bin/bash'
STRIP=''
TOPDIR='/home/justin/warp/storage/warp/benchmark/dbt3-1.9'
VACUUMDB='/usr/bin/vacuumdb'
VERSION='1.9'
VMSTAT='/usr/bin/vmstat'
ac_ct_CC='gcc'
ac_ct_STRIP=''
am__fastdepCC_FALSE=''
am__fastdepCC_TRUE='#'
am__include='include'
am__leading_dot='.'
am__quote=''
bindir='${exec_prefix}/bin'
build_alias=''
datadir='${prefix}/share'
exec_prefix='${prefix}'
host_alias=''
includedir='${prefix}/include'
infodir='${prefix}/info'
install_sh='/home/justin/warp/storage/warp/benchmark/dbt3-1.9/install-sh'
libdir='${exec_prefix}/lib'
libexecdir='${exec_prefix}/libexec'
localstatedir='${prefix}/var'
mandir='${prefix}/man'
mkdir_p='mkdir -p -- .'
oldincludedir='/usr/include'
prefix='/usr/local'
program_transform_name='s,x,x,'
sbindir='${exec_prefix}/sbin'
sharedstatedir='${prefix}/com'
sysconfdir='${prefix}/etc'
target_alias=''

## ----------- ##
## confdefs.h. ##
## ----------- ##

#define HAVE_INTTYPES_H 1
#define HAVE_LIBM 1
#define HAVE_MEMORY_H 1
#define HAVE_STDINT_H 1
#define HAVE_STDLIB_H 1
#define HAVE_STRINGS_H 1
#define HAVE_STRINGS_H 1
#define HAVE_STRING_H 1
#define HAVE_SYS_STAT_H 1
#define HAVE_SYS_TIME_H 1
#define HAVE_SYS_TYPES_H 1
#define HAVE_SYS_WAIT_H 1
#define HAVE_UNISTD_H 1
#define PACKAGE "dbt3"
#define PACKAGE_BUGREPORT "osdldbt-general@lists.sourceforge.net"
#define PACKAGE_NAME "dbt3"
#define PACKAGE_STRING "dbt3 1.9"
#define PACKAGE_TARNAME "dbt3"
#define PACKAGE_VERSION "1.9"
#define PGSQL 1
#define STDC_HEADERS 1
#define TIME_WITH_SYS_TIME 1
#define VERSION "1.9"

configure: exit 0
